#
# There is insufficient memory for the Java Runtime Environment to continue.
# Native memory allocation (malloc) failed to allocate 2277776 bytes for Chunk::new
# Possible reasons:
#   The system is out of physical RAM or swap space
#   The process is running with CompressedOops enabled, and the Java Heap may be blocking the growth of the native heap
# Possible solutions:
#   Reduce memory load on the system
#   Increase physical memory or swap space
#   Check if swap backing store is full
#   Decrease Java heap size (-Xmx/-Xms)
#   Decrease number of Java threads
#   Decrease Java thread stack sizes (-Xss)
#   Set larger code cache with -XX:ReservedCodeCacheSize=
#   JVM is running with Unscaled Compressed Oops mode in which the Java heap is
#     placed in the first 4GB address space. The Java Heap base address is the
#     maximum limit for the native heap growth. Please use -XX:HeapBaseMinAddress
#     to set the Java Heap base and to place the Java Heap above 4GB virtual address.
# This output file may be truncated or incomplete.
#
#  Out of Memory Error (allocation.cpp:389), pid=20552, tid=0x0000000000002e28
#
# JRE version: OpenJDK Runtime Environment (8.0_242-b01) (build 1.8.0_242-release-1644-b01)
# Java VM: OpenJDK 64-Bit Server VM (25.242-b01 mixed mode windows-amd64 compressed oops)
# Failed to write core dump. Minidumps are not enabled by default on client versions of Windows
#

---------------  T H R E A D  ---------------

Current thread (0x00000000194e5000):  JavaThread "C2 CompilerThread2" daemon [_thread_in_native, id=11816, stack(0x000000001ad30000,0x000000001ae30000)]

Stack: [0x000000001ad30000,0x000000001ae30000]
[error occurred during error reporting (printing stack bounds), id 0xc0000005]

Native frames: (J=compiled Java code, j=interpreted, Vv=VM code, C=native code)


Current CompileTask:
C2:1636174 26979 %     4       com.android.tools.r8.ir.regalloc.a::a @ 2118 (3992 bytes)


---------------  P R O C E S S  ---------------

Java Threads: ( => current thread )
  0x000000001978a800 JavaThread "ForkJoinPool-9-worker-12" daemon [_thread_blocked, id=18416, stack(0x000000003d230000,0x000000003d330000)]
  0x000000001978a000 JavaThread "ForkJoinPool-9-worker-3" daemon [_thread_blocked, id=19904, stack(0x000000003d130000,0x000000003d230000)]
  0x000000001978c000 JavaThread "ForkJoinPool-9-worker-10" daemon [_thread_blocked, id=4192, stack(0x000000003d030000,0x000000003d130000)]
  0x0000000019782800 JavaThread "ForkJoinPool-9-worker-1" daemon [_thread_blocked, id=16772, stack(0x000000003cf30000,0x000000003d030000)]
  0x0000000019789000 JavaThread "ForkJoinPool-9-worker-8" daemon [_thread_blocked, id=16684, stack(0x000000003ce30000,0x000000003cf30000)]
  0x0000000019788800 JavaThread "ForkJoinPool-9-worker-15" daemon [_thread_blocked, id=10764, stack(0x000000003cd30000,0x000000003ce30000)]
  0x0000000019787800 JavaThread "ForkJoinPool-9-worker-6" daemon [_thread_blocked, id=1756, stack(0x000000003cc30000,0x000000003cd30000)]
  0x0000000019786000 JavaThread "ForkJoinPool-9-worker-13" daemon [_thread_blocked, id=18548, stack(0x000000003cb30000,0x000000003cc30000)]
  0x0000000019784800 JavaThread "ForkJoinPool-9-worker-4" daemon [_thread_blocked, id=14656, stack(0x000000003ca30000,0x000000003cb30000)]
  0x0000000019785800 JavaThread "ForkJoinPool-9-worker-11" daemon [_thread_blocked, id=17684, stack(0x00000000399c0000,0x0000000039ac0000)]
  0x0000000019783000 JavaThread "ForkJoinPool-9-worker-2" daemon [_thread_blocked, id=13540, stack(0x00000000398c0000,0x00000000399c0000)]
  0x0000000019774000 JavaThread "ForkJoinPool-9-worker-9" daemon [_thread_blocked, id=20088, stack(0x0000000039110000,0x0000000039210000)]
  0x0000000019770000 JavaThread "WorkerExecutor Queue Thread 14" [_thread_blocked, id=6280, stack(0x0000000036d20000,0x0000000036e20000)]
  0x000000001976f800 JavaThread "WorkerExecutor Queue Thread 13" [_thread_blocked, id=6356, stack(0x00000000356d0000,0x00000000357d0000)]
  0x000000001977d000 JavaThread "stdout" [_thread_in_native, id=14496, stack(0x0000000038c10000,0x0000000038d10000)]
  0x000000001977f800 JavaThread "stderr" [_thread_in_native, id=16004, stack(0x0000000038b10000,0x0000000038c10000)]
  0x000000001977a000 JavaThread "stdout" [_thread_in_native, id=11512, stack(0x0000000038a10000,0x0000000038b10000)]
  0x000000001977c800 JavaThread "stderr" [_thread_in_native, id=15952, stack(0x0000000038910000,0x0000000038a10000)]
  0x000000001977b800 JavaThread "stdout" [_thread_in_native, id=16144, stack(0x0000000038810000,0x0000000038910000)]
  0x000000001977e800 JavaThread "stderr" [_thread_in_native, id=21488, stack(0x0000000038710000,0x0000000038810000)]
  0x000000001977e000 JavaThread "stdout" [_thread_in_native, id=8892, stack(0x0000000038610000,0x0000000038710000)]
  0x0000000019772800 JavaThread "stderr" [_thread_in_native, id=4380, stack(0x0000000038510000,0x0000000038610000)]
  0x0000000019779000 JavaThread "stdout" [_thread_in_native, id=20228, stack(0x0000000038410000,0x0000000038510000)]
  0x0000000019777000 JavaThread "stderr" [_thread_in_native, id=11220, stack(0x0000000038310000,0x0000000038410000)]
  0x0000000019771800 JavaThread "stdout" [_thread_in_native, id=3248, stack(0x0000000038210000,0x0000000038310000)]
  0x0000000019777800 JavaThread "stderr" [_thread_in_native, id=15716, stack(0x0000000038110000,0x0000000038210000)]
  0x0000000019776000 JavaThread "stdout" [_thread_in_native, id=17224, stack(0x0000000038010000,0x0000000038110000)]
  0x0000000019775800 JavaThread "stderr" [_thread_in_native, id=19624, stack(0x0000000037f10000,0x0000000038010000)]
  0x0000000019778800 JavaThread "stdout" [_thread_in_native, id=20708, stack(0x0000000037e10000,0x0000000037f10000)]
  0x000000001976e000 JavaThread "stderr" [_thread_in_native, id=20280, stack(0x0000000037d10000,0x0000000037e10000)]
  0x0000000019774800 JavaThread "pool-16-thread-1" [_thread_blocked, id=19268, stack(0x0000000037c10000,0x0000000037d10000)]
  0x000000001976e800 JavaThread "MarlinRenderer Disposer" daemon [_thread_blocked, id=19452, stack(0x00000000377c0000,0x00000000378c0000)]
  0x0000000019771000 JavaThread "Java2D Disposer" daemon [_thread_blocked, id=19956, stack(0x0000000037620000,0x0000000037720000)]
  0x0000000030d8b000 JavaThread "WorkerExecutor Queue Thread 4" [_thread_blocked, id=17704, stack(0x0000000036a20000,0x0000000036b20000)]
  0x0000000030d8a000 JavaThread "WorkerExecutor Queue Thread 3" [_thread_blocked, id=6292, stack(0x0000000036920000,0x0000000036a20000)]
  0x0000000030d8b800 JavaThread "WorkerExecutor Queue Thread 2" [_thread_in_Java, id=8704, stack(0x0000000036820000,0x0000000036920000)]
  0x0000000030d82800 JavaThread "Cache worker for execution history cache (D:\DT3-project\.gradle\6.5\executionHistory)" [_thread_blocked, id=18572, stack(0x00000000353d0000,0x00000000354d0000)]
  0x0000000030d87000 JavaThread "Execution worker for ':' Thread 11" [_thread_blocked, id=3120, stack(0x00000000352d0000,0x00000000353d0000)]
  0x0000000030d86800 JavaThread "Execution worker for ':' Thread 10" [_thread_blocked, id=2588, stack(0x00000000351d0000,0x00000000352d0000)]
  0x0000000030d85800 JavaThread "Execution worker for ':' Thread 9" [_thread_blocked, id=16220, stack(0x0000000034100000,0x0000000034200000)]
  0x0000000030d7e000 JavaThread "Execution worker for ':' Thread 8" [_thread_blocked, id=17072, stack(0x0000000034000000,0x0000000034100000)]
  0x0000000030d7d800 JavaThread "Execution worker for ':' Thread 7" [_thread_blocked, id=18624, stack(0x0000000033f00000,0x0000000034000000)]
  0x0000000030d83800 JavaThread "Execution worker for ':' Thread 6" [_thread_blocked, id=18016, stack(0x0000000033e00000,0x0000000033f00000)]
  0x0000000030d84000 JavaThread "Execution worker for ':' Thread 5" [_thread_blocked, id=3712, stack(0x0000000033d00000,0x0000000033e00000)]
  0x0000000030d7f000 JavaThread "Execution worker for ':' Thread 4" [_thread_blocked, id=3788, stack(0x0000000033c00000,0x0000000033d00000)]
  0x0000000030d7f800 JavaThread "Execution worker for ':' Thread 3" [_thread_blocked, id=7564, stack(0x0000000030660000,0x0000000030760000)]
  0x0000000030d82000 JavaThread "Execution worker for ':' Thread 2" [_thread_blocked, id=18900, stack(0x0000000030560000,0x0000000030660000)]
  0x0000000024ef9800 JavaThread "Execution worker for ':'" [_thread_blocked, id=9040, stack(0x000000002fc00000,0x000000002fd00000)]
  0x0000000024ef9000 JavaThread "Cache worker for file content cache (D:\DT3-project\.gradle\6.5\fileContent)" [_thread_blocked, id=17412, stack(0x000000002d3c0000,0x000000002d4c0000)]
  0x0000000024ef7800 JavaThread "pool-15-thread-1" [_thread_blocked, id=6580, stack(0x000000002d0c0000,0x000000002d1c0000)]
  0x0000000024ef6800 JavaThread "Cache worker for Build Output Cleanup Cache (D:\DT3-project\.gradle\buildOutputCleanup)" [_thread_blocked, id=18576, stack(0x000000002cfc0000,0x000000002d0c0000)]
  0x0000000024ef8000 JavaThread "jar transforms Thread 464" [_thread_blocked, id=19764, stack(0x000000002cec0000,0x000000002cfc0000)]
  0x0000000024ef5000 JavaThread "jar transforms Thread 463" [_thread_blocked, id=8880, stack(0x000000002cdc0000,0x000000002cec0000)]
  0x0000000024eef000 JavaThread "jar transforms Thread 462" [_thread_blocked, id=1496, stack(0x000000002ccc0000,0x000000002cdc0000)]
  0x0000000024ef4800 JavaThread "jar transforms Thread 461" [_thread_blocked, id=7224, stack(0x000000002cbc0000,0x000000002ccc0000)]
  0x0000000024ef3800 JavaThread "jar transforms Thread 460" [_thread_blocked, id=20580, stack(0x000000002cac0000,0x000000002cbc0000)]
  0x0000000024eec000 JavaThread "jar transforms Thread 459" [_thread_blocked, id=7628, stack(0x000000002c9c0000,0x000000002cac0000)]
  0x0000000024eed800 JavaThread "jar transforms Thread 458" [_thread_blocked, id=17228, stack(0x000000002c8c0000,0x000000002c9c0000)]
  0x0000000024ef3000 JavaThread "jar transforms Thread 457" [_thread_blocked, id=7240, stack(0x000000002c7c0000,0x000000002c8c0000)]
  0x0000000024eec800 JavaThread "jar transforms Thread 456" [_thread_blocked, id=8412, stack(0x000000002c6c0000,0x000000002c7c0000)]
  0x0000000024ef2000 JavaThread "jar transforms Thread 455" [_thread_blocked, id=4288, stack(0x000000002c5c0000,0x000000002c6c0000)]
  0x0000000024ef1000 JavaThread "jar transforms Thread 454" [_thread_blocked, id=1088, stack(0x000000002c4c0000,0x000000002c5c0000)]
  0x0000000024eee000 JavaThread "jar transforms Thread 453" [_thread_blocked, id=19952, stack(0x000000002c3c0000,0x000000002c4c0000)]
  0x0000000024ef0800 JavaThread "jar transforms Thread 452" [_thread_blocked, id=12960, stack(0x000000002c2c0000,0x000000002c3c0000)]
  0x0000000024eea800 JavaThread "jar transforms Thread 451" [_thread_blocked, id=18676, stack(0x000000002c1c0000,0x000000002c2c0000)]
  0x0000000024eeb000 JavaThread "jar transforms Thread 450" [_thread_blocked, id=17728, stack(0x000000002c0c0000,0x000000002c1c0000)]
  0x0000000024eef800 JavaThread "jar transforms Thread 449" [_thread_blocked, id=1328, stack(0x000000002bfc0000,0x000000002c0c0000)]
  0x0000000020695800 JavaThread "jar transforms Thread 448" [_thread_blocked, id=15856, stack(0x000000002bec0000,0x000000002bfc0000)]
  0x0000000020695000 JavaThread "jar transforms Thread 447" [_thread_blocked, id=17424, stack(0x000000002bdc0000,0x000000002bec0000)]
  0x000000002068d800 JavaThread "jar transforms Thread 446" [_thread_blocked, id=3012, stack(0x000000002bcc0000,0x000000002bdc0000)]
  0x0000000020692800 JavaThread "jar transforms Thread 445" [_thread_blocked, id=16588, stack(0x000000002bbc0000,0x000000002bcc0000)]
  0x0000000020692000 JavaThread "jar transforms Thread 444" [_thread_blocked, id=1560, stack(0x000000002bac0000,0x000000002bbc0000)]
  0x0000000020694000 JavaThread "jar transforms Thread 443" [_thread_blocked, id=4728, stack(0x000000002b9c0000,0x000000002bac0000)]
  0x0000000020693800 JavaThread "jar transforms Thread 442" [_thread_blocked, id=19788, stack(0x000000002b8c0000,0x000000002b9c0000)]
  0x000000002068e000 JavaThread "jar transforms Thread 441" [_thread_blocked, id=16468, stack(0x000000002b7c0000,0x000000002b8c0000)]
  0x000000002068f800 JavaThread "jar transforms Thread 440" [_thread_blocked, id=17784, stack(0x000000002b6c0000,0x000000002b7c0000)]
  0x000000002068a800 JavaThread "jar transforms Thread 439" [_thread_blocked, id=14740, stack(0x000000002b5c0000,0x000000002b6c0000)]
  0x0000000020690800 JavaThread "jar transforms Thread 438" [_thread_blocked, id=4132, stack(0x000000002b4c0000,0x000000002b5c0000)]
  0x000000002068b000 JavaThread "jar transforms Thread 437" [_thread_blocked, id=2924, stack(0x000000002b2c0000,0x000000002b3c0000)]
  0x0000000020691000 JavaThread "jar transforms Thread 436" [_thread_blocked, id=20648, stack(0x000000002b1c0000,0x000000002b2c0000)]
  0x0000000020689800 JavaThread "jar transforms Thread 435" [_thread_blocked, id=17324, stack(0x000000002b0c0000,0x000000002b1c0000)]
  0x000000002068f000 JavaThread "jar transforms Thread 434" [_thread_blocked, id=17712, stack(0x000000002afc0000,0x000000002b0c0000)]
  0x000000002068c800 JavaThread "jar transforms Thread 433" [_thread_blocked, id=4000, stack(0x000000002aec0000,0x000000002afc0000)]
  0x0000000020686800 JavaThread "jar transforms Thread 432" [_thread_blocked, id=9668, stack(0x000000002adc0000,0x000000002aec0000)]
  0x0000000020688000 JavaThread "jar transforms Thread 431" [_thread_blocked, id=16300, stack(0x000000002acc0000,0x000000002adc0000)]
  0x0000000020687800 JavaThread "jar transforms Thread 430" [_thread_blocked, id=16168, stack(0x000000002abc0000,0x000000002acc0000)]
  0x0000000020689000 JavaThread "jar transforms Thread 429" [_thread_blocked, id=21044, stack(0x000000002aac0000,0x000000002abc0000)]
  0x000000002068c000 JavaThread "jar transforms Thread 428" [_thread_blocked, id=20188, stack(0x000000002a9c0000,0x000000002aac0000)]
  0x000000001f641800 JavaThread "jar transforms Thread 427" [_thread_blocked, id=16848, stack(0x000000002a8c0000,0x000000002a9c0000)]
  0x000000001f645800 JavaThread "jar transforms Thread 426" [_thread_blocked, id=1228, stack(0x000000002a7c0000,0x000000002a8c0000)]
  0x000000001f63e000 JavaThread "jar transforms Thread 425" [_thread_blocked, id=2388, stack(0x000000002a6c0000,0x000000002a7c0000)]
  0x000000001f644800 JavaThread "jar transforms Thread 424" [_thread_blocked, id=17596, stack(0x000000002a5c0000,0x000000002a6c0000)]
  0x000000001f643000 JavaThread "jar transforms Thread 423" [_thread_blocked, id=168, stack(0x000000002a4c0000,0x000000002a5c0000)]
  0x000000001f640000 JavaThread "jar transforms Thread 422" [_thread_blocked, id=14064, stack(0x000000002a3c0000,0x000000002a4c0000)]
  0x000000001f63f800 JavaThread "jar transforms Thread 421" [_thread_blocked, id=12816, stack(0x000000002a2c0000,0x000000002a3c0000)]
  0x000000001f63e800 JavaThread "jar transforms Thread 420" [_thread_blocked, id=20380, stack(0x000000002a1c0000,0x000000002a2c0000)]
  0x000000001f642800 JavaThread "jar transforms Thread 419" [_thread_blocked, id=19144, stack(0x000000002a0c0000,0x000000002a1c0000)]
  0x000000001f644000 JavaThread "jar transforms Thread 418" [_thread_blocked, id=20344, stack(0x0000000029fc0000,0x000000002a0c0000)]
  0x000000001f641000 JavaThread "jar transforms Thread 417" [_thread_blocked, id=15744, stack(0x0000000029ec0000,0x0000000029fc0000)]
  0x000000001f636800 JavaThread "jar transforms Thread 416" [_thread_blocked, id=8268, stack(0x0000000029dc0000,0x0000000029ec0000)]
  0x000000001f63b800 JavaThread "jar transforms Thread 415" [_thread_blocked, id=7624, stack(0x0000000029cc0000,0x0000000029dc0000)]
  0x000000001f63b000 JavaThread "jar transforms Thread 414" [_thread_blocked, id=6932, stack(0x0000000029bc0000,0x0000000029cc0000)]
  0x000000001f639800 JavaThread "jar transforms Thread 413" [_thread_blocked, id=16748, stack(0x00000000298c0000,0x00000000299c0000)]
  0x000000001f637000 JavaThread "jar transforms Thread 412" [_thread_blocked, id=17436, stack(0x00000000297c0000,0x00000000298c0000)]
  0x000000001f63c800 JavaThread "jar transforms Thread 411" [_thread_blocked, id=15088, stack(0x00000000296c0000,0x00000000297c0000)]
  0x000000001f63a000 JavaThread "jar transforms Thread 410" [_thread_blocked, id=20720, stack(0x00000000295c0000,0x00000000296c0000)]
  0x000000001f638800 JavaThread "jar transforms Thread 409" [_thread_blocked, id=19072, stack(0x00000000294c0000,0x00000000295c0000)]
  0x000000001f638000 JavaThread "jar transforms Thread 408" [_thread_blocked, id=17180, stack(0x00000000293c0000,0x00000000294c0000)]
  0x000000001f63d000 JavaThread "jar transforms Thread 407" [_thread_blocked, id=19524, stack(0x00000000292c0000,0x00000000293c0000)]
  0x000000002532d800 JavaThread "jar transforms Thread 406" [_thread_blocked, id=18508, stack(0x00000000291c0000,0x00000000292c0000)]
  0x0000000025333000 JavaThread "jar transforms Thread 405" [_thread_blocked, id=11212, stack(0x00000000290c0000,0x00000000291c0000)]
  0x0000000025332000 JavaThread "jar transforms Thread 404" [_thread_blocked, id=7800, stack(0x0000000028fc0000,0x00000000290c0000)]
  0x0000000025331800 JavaThread "jar transforms Thread 403" [_thread_blocked, id=18380, stack(0x0000000028ec0000,0x0000000028fc0000)]
  0x000000002532d000 JavaThread "jar transforms Thread 402" [_thread_blocked, id=21048, stack(0x0000000028dc0000,0x0000000028ec0000)]
  0x0000000025330800 JavaThread "jar transforms Thread 401" [_thread_blocked, id=6072, stack(0x0000000028cc0000,0x0000000028dc0000)]
  0x0000000025330000 JavaThread "jar transforms Thread 400" [_thread_blocked, id=2092, stack(0x0000000028bc0000,0x0000000028cc0000)]
  0x000000002532f000 JavaThread "jar transforms Thread 399" [_thread_blocked, id=18732, stack(0x0000000028ac0000,0x0000000028bc0000)]
  0x000000002532e800 JavaThread "jar transforms Thread 398" [_thread_blocked, id=2548, stack(0x00000000289c0000,0x0000000028ac0000)]
  0x0000000025325000 JavaThread "jar transforms Thread 397" [_thread_blocked, id=20440, stack(0x00000000288c0000,0x00000000289c0000)]
  0x0000000025327800 JavaThread "jar transforms Thread 396" [_thread_blocked, id=20812, stack(0x00000000287c0000,0x00000000288c0000)]
  0x000000002532b800 JavaThread "jar transforms Thread 395" [_thread_blocked, id=748, stack(0x00000000286c0000,0x00000000287c0000)]
  0x0000000025326000 JavaThread "jar transforms Thread 394" [_thread_blocked, id=18700, stack(0x00000000285c0000,0x00000000286c0000)]
  0x000000002532c000 JavaThread "jar transforms Thread 393" [_thread_blocked, id=656, stack(0x00000000284c0000,0x00000000285c0000)]
  0x0000000025323800 JavaThread "jar transforms Thread 392" [_thread_blocked, id=9260, stack(0x00000000283c0000,0x00000000284c0000)]
  0x000000002532a000 JavaThread "jar transforms Thread 391" [_thread_blocked, id=18976, stack(0x00000000282c0000,0x00000000283c0000)]
  0x0000000025329000 JavaThread "jar transforms Thread 390" [_thread_blocked, id=16044, stack(0x00000000281c0000,0x00000000282c0000)]
  0x0000000025324800 JavaThread "jar transforms Thread 389" [_thread_blocked, id=4652, stack(0x00000000280c0000,0x00000000281c0000)]
  0x0000000025326800 JavaThread "jar transforms Thread 388" [_thread_blocked, id=19224, stack(0x0000000027fc0000,0x00000000280c0000)]
  0x000000002532a800 JavaThread "jar transforms Thread 387" [_thread_blocked, id=7748, stack(0x0000000027ec0000,0x0000000027fc0000)]
  0x0000000025328000 JavaThread "jar transforms Thread 386" [_thread_blocked, id=20756, stack(0x0000000027dc0000,0x0000000027ec0000)]
  0x000000001d10b000 JavaThread "jar transforms Thread 385" [_thread_blocked, id=7556, stack(0x0000000027cc0000,0x0000000027dc0000)]
  0x000000001d112000 JavaThread "jar transforms Thread 384" [_thread_blocked, id=15732, stack(0x0000000027bc0000,0x0000000027cc0000)]
  0x000000001d111000 JavaThread "jar transforms Thread 383" [_thread_blocked, id=7280, stack(0x0000000027ac0000,0x0000000027bc0000)]
  0x000000001d10f800 JavaThread "jar transforms Thread 382" [_thread_blocked, id=8336, stack(0x00000000279c0000,0x0000000027ac0000)]
  0x000000001d10f000 JavaThread "jar transforms Thread 381" [_thread_blocked, id=19496, stack(0x00000000278c0000,0x00000000279c0000)]
  0x000000001d10e000 JavaThread "jar transforms Thread 380" [_thread_blocked, id=6156, stack(0x00000000277c0000,0x00000000278c0000)]
  0x000000001d10c000 JavaThread "jar transforms Thread 379" [_thread_blocked, id=15704, stack(0x00000000276c0000,0x00000000277c0000)]
  0x000000001d110800 JavaThread "jar transforms Thread 378" [_thread_blocked, id=19056, stack(0x00000000275c0000,0x00000000276c0000)]
  0x000000001b2c2800 JavaThread "jar transforms Thread 377" [_thread_blocked, id=9384, stack(0x00000000274c0000,0x00000000275c0000)]
  0x000000001b2c5800 JavaThread "jar transforms Thread 376" [_thread_blocked, id=21236, stack(0x00000000273c0000,0x00000000274c0000)]
  0x000000001b2c4000 JavaThread "jar transforms Thread 375" [_thread_blocked, id=1112, stack(0x00000000272c0000,0x00000000273c0000)]
  0x000000001b2c7000 JavaThread "jar transforms Thread 374" [_thread_blocked, id=18148, stack(0x00000000271c0000,0x00000000272c0000)]
  0x000000001b2c5000 JavaThread "jar transforms Thread 373" [_thread_blocked, id=19604, stack(0x00000000270c0000,0x00000000271c0000)]
  0x000000001b2c2000 JavaThread "jar transforms Thread 372" [_thread_blocked, id=19732, stack(0x0000000026fc0000,0x00000000270c0000)]
  0x000000001b2ba800 JavaThread "jar transforms Thread 371" [_thread_blocked, id=18680, stack(0x0000000026ec0000,0x0000000026fc0000)]
  0x000000001b2c1000 JavaThread "jar transforms Thread 370" [_thread_blocked, id=9188, stack(0x0000000026dc0000,0x0000000026ec0000)]
  0x000000001b2bf000 JavaThread "jar transforms Thread 369" [_thread_blocked, id=7736, stack(0x0000000026cc0000,0x0000000026dc0000)]
  0x000000001b2be000 JavaThread "jar transforms Thread 368" [_thread_blocked, id=20400, stack(0x0000000026bc0000,0x0000000026cc0000)]
  0x000000001b2bc000 JavaThread "jar transforms Thread 367" [_thread_blocked, id=19052, stack(0x0000000026ac0000,0x0000000026bc0000)]
  0x000000001b2c0800 JavaThread "jar transforms Thread 366" [_thread_blocked, id=21464, stack(0x00000000269c0000,0x0000000026ac0000)]
  0x000000001b2bf800 JavaThread "jar transforms Thread 365" [_thread_blocked, id=11700, stack(0x00000000268c0000,0x00000000269c0000)]
  0x000000001b2bd800 JavaThread "jar transforms Thread 364" [_thread_blocked, id=9820, stack(0x0000000026550000,0x0000000026650000)]
  0x000000001b2bc800 JavaThread "jar transforms Thread 363" [_thread_blocked, id=6824, stack(0x0000000026450000,0x0000000026550000)]
  0x000000001b2bb000 JavaThread "jar transforms Thread 362" [_thread_blocked, id=21124, stack(0x0000000026350000,0x0000000026450000)]
  0x00000000208dc800 JavaThread "jar transforms Thread 361" [_thread_blocked, id=9884, stack(0x0000000026250000,0x0000000026350000)]
  0x00000000208db800 JavaThread "jar transforms Thread 360" [_thread_blocked, id=21428, stack(0x0000000026150000,0x0000000026250000)]
  0x00000000208dd000 JavaThread "jar transforms Thread 359" [_thread_blocked, id=4712, stack(0x0000000026050000,0x0000000026150000)]
  0x00000000208d9800 JavaThread "jar transforms Thread 358" [_thread_blocked, id=7360, stack(0x0000000024960000,0x0000000024a60000)]
  0x00000000208d8800 JavaThread "jar transforms Thread 357" [_thread_blocked, id=20616, stack(0x0000000024060000,0x0000000024160000)]
  0x00000000208d8000 JavaThread "jar transforms Thread 356" [_thread_blocked, id=20484, stack(0x0000000023b60000,0x0000000023c60000)]
  0x00000000208da000 JavaThread "jar transforms Thread 355" [_thread_blocked, id=20128, stack(0x0000000023a60000,0x0000000023b60000)]
  0x00000000208db000 JavaThread "jar transforms Thread 354" [_thread_blocked, id=16228, stack(0x0000000023960000,0x0000000023a60000)]
  0x00000000208d0800 JavaThread "jar transforms Thread 353" [_thread_blocked, id=18264, stack(0x0000000023860000,0x0000000023960000)]
  0x00000000208d5000 JavaThread "jar transforms Thread 352" [_thread_blocked, id=17892, stack(0x0000000023760000,0x0000000023860000)]
  0x00000000208d3800 JavaThread "jar transforms Thread 351" [_thread_blocked, id=14612, stack(0x0000000023660000,0x0000000023760000)]
  0x00000000208d1000 JavaThread "jar transforms Thread 350" [_thread_blocked, id=1864, stack(0x0000000023560000,0x0000000023660000)]
  0x00000000208cf000 JavaThread "jar transforms Thread 349" [_thread_blocked, id=17316, stack(0x0000000023460000,0x0000000023560000)]
  0x00000000208d2800 JavaThread "Build operations Thread 12" [_thread_blocked, id=18500, stack(0x0000000023360000,0x0000000023460000)]
  0x00000000208d5800 JavaThread "Build operations Thread 11" [_thread_blocked, id=15660, stack(0x0000000023260000,0x0000000023360000)]
  0x00000000208ce000 JavaThread "Build operations Thread 10" [_thread_blocked, id=10040, stack(0x0000000023160000,0x0000000023260000)]
  0x00000000208d4000 JavaThread "Build operations Thread 9" [_thread_blocked, id=12692, stack(0x0000000023060000,0x0000000023160000)]
  0x000000002123b000 JavaThread "Build operations Thread 8" [_thread_blocked, id=15672, stack(0x0000000022f60000,0x0000000023060000)]
  0x000000002123c800 JavaThread "Build operations Thread 7" [_thread_blocked, id=1556, stack(0x0000000022e60000,0x0000000022f60000)]
  0x000000002123b800 JavaThread "Build operations Thread 6" [_thread_blocked, id=7860, stack(0x0000000022d60000,0x0000000022e60000)]
  0x000000002123a000 JavaThread "Build operations Thread 5" [_thread_blocked, id=20512, stack(0x0000000022c60000,0x0000000022d60000)]
  0x0000000021240000 JavaThread "Build operations Thread 4" [_thread_blocked, id=4124, stack(0x0000000022b60000,0x0000000022c60000)]
  0x000000002123e000 JavaThread "Build operations Thread 3" [_thread_blocked, id=8472, stack(0x00000000217f0000,0x00000000218f0000)]
  0x000000002123e800 JavaThread "Build operations Thread 2" [_thread_blocked, id=20180, stack(0x00000000216f0000,0x00000000217f0000)]
  0x0000000021238800 JavaThread "Build operations" [_thread_blocked, id=7816, stack(0x000000001ed50000,0x000000001ee50000)]
  0x000000002123d000 JavaThread "Cache worker for cache directory md-rule (C:\Users\ACER\.gradle\caches\6.5\md-rule)" [_thread_blocked, id=12440, stack(0x000000001ec50000,0x000000001ed50000)]
  0x000000002123f800 JavaThread "Cache worker for cache directory md-supplier (C:\Users\ACER\.gradle\caches\6.5\md-supplier)" [_thread_blocked, id=8388, stack(0x000000001eb50000,0x000000001ec50000)]
  0x0000000021232800 JavaThread "Cache worker for checksums cache (D:\DT3-project\.gradle\checksums)" [_thread_blocked, id=20432, stack(0x000000001ea50000,0x000000001eb50000)]
  0x0000000021238000 JavaThread "Cache worker for file hash cache (D:\DT3-project\.gradle\6.5\fileHashes)" [_thread_blocked, id=3792, stack(0x000000001e950000,0x000000001ea50000)]
  0x0000000021237000 JavaThread "Thread-598" [_thread_blocked, id=13136, stack(0x000000001e850000,0x000000001e950000)]
  0x0000000021236800 JavaThread "Stdin handler" [_thread_blocked, id=15580, stack(0x000000001e450000,0x000000001e550000)]
  0x0000000021235800 JavaThread "Asynchronous log dispatcher for DefaultDaemonConnection: socket connection from /127.0.0.1:55757 to /127.0.0.1:56092" [_thread_blocked, id=9700, stack(0x000000001e010000,0x000000001e110000)]
  0x0000000021234000 JavaThread "Daemon worker Thread 3" [_thread_blocked, id=21248, stack(0x000000001df10000,0x000000001e010000)]
  0x0000000021235000 JavaThread "Cancel handler" [_thread_blocked, id=6324, stack(0x0000000000db0000,0x0000000000eb0000)]
  0x0000000021233800 JavaThread "Handler for socket connection from /127.0.0.1:55757 to /127.0.0.1:56092" [_thread_in_native, id=19984, stack(0x0000000000cb0000,0x0000000000db0000)]
  0x0000000021239800 JavaThread "Daemon Thread 3" [_thread_blocked, id=19008, stack(0x0000000000bb0000,0x0000000000cb0000)]
  0x00000000208d6800 JavaThread "Memory manager" [_thread_blocked, id=13988, stack(0x000000002d8c0000,0x000000002d9c0000)]
  0x000000001b2c8000 JavaThread "Cache worker for file content cache (C:\Users\ACER\.gradle\caches\6.5\fileContent)" [_thread_blocked, id=10084, stack(0x0000000024860000,0x0000000024960000)]
  0x000000001b2c6800 JavaThread "Cache worker for execution history cache (C:\Users\ACER\.gradle\caches\6.5\executionHistory)" [_thread_blocked, id=2460, stack(0x0000000024360000,0x0000000024460000)]
  0x000000001d10c800 JavaThread "Cache worker for file hash cache (C:\Users\ACER\.gradle\caches\6.5\fileHashes)" [_thread_blocked, id=4144, stack(0x000000001f250000,0x000000001f350000)]
  0x000000001d10d800 JavaThread "File lock request listener" [_thread_in_native, id=18616, stack(0x000000001f150000,0x000000001f250000)]
  0x000000001cedc800 JavaThread "Cache worker for journal cache (C:\Users\ACER\.gradle\caches\journal-1)" [_thread_blocked, id=21408, stack(0x000000001f050000,0x000000001f150000)]
  0x000000001cdc4800 JavaThread "Daemon periodic checks" [_thread_blocked, id=21416, stack(0x000000001e350000,0x000000001e450000)]
  0x000000001cd6f800 JavaThread "Incoming local TCP Connector on port 55757" [_thread_in_native, id=3760, stack(0x000000001e110000,0x000000001e210000)]
  0x000000001cc61000 JavaThread "Daemon health stats" [_thread_blocked, id=19576, stack(0x000000001dad0000,0x000000001dbd0000)]
  0x000000001956e800 JavaThread "Service Thread" daemon [_thread_blocked, id=19488, stack(0x000000001af30000,0x000000001b030000)]
  0x00000000194f5800 JavaThread "C1 CompilerThread3" daemon [_thread_blocked, id=14708, stack(0x000000001ae30000,0x000000001af30000)]
=>0x00000000194e5000 JavaThread "C2 CompilerThread2" daemon [_thread_in_native, id=11816, stack(0x000000001ad30000,0x000000001ae30000)]
  0x00000000194dc000 JavaThread "C2 CompilerThread1" daemon [_thread_in_native, id=4272, stack(0x000000001ac30000,0x000000001ad30000)]
  0x00000000194d6800 JavaThread "C2 CompilerThread0" daemon [_thread_in_native, id=18928, stack(0x000000001ab30000,0x000000001ac30000)]
  0x00000000194d3000 JavaThread "Attach Listener" daemon [_thread_blocked, id=16088, stack(0x000000001aa30000,0x000000001ab30000)]
  0x00000000194d0000 JavaThread "Signal Dispatcher" daemon [_thread_blocked, id=15860, stack(0x000000001a930000,0x000000001aa30000)]
  0x0000000017de1800 JavaThread "Finalizer" daemon [_thread_blocked, id=2132, stack(0x000000001a730000,0x000000001a830000)]
  0x00000000194c3000 JavaThread "Reference Handler" daemon [_thread_blocked, id=8932, stack(0x000000001a630000,0x000000001a730000)]
  0x0000000002a6d800 JavaThread "main" [_thread_blocked, id=15756, stack(0x0000000002890000,0x0000000002990000)]

Other Threads:
  0x0000000017dd4800 VMThread [stack: 0x000000001a530000,0x000000001a630000] [id=5340]
  0x000000001957f800 WatcherThread [stack: 0x000000001b030000,0x000000001b130000] [id=18964]

VM state:at safepoint (normal execution)

VM Mutex/Monitor currently owned by a thread:  ([mutex/lock_event])
[0x0000000002a6ce30] Safepoint_lock - owner thread: 0x0000000017dd4800
[0x0000000002a6d3b0] Threads_lock - owner thread: 0x0000000017dd4800

heap address: 0x0000000080000000, size: 2048 MB, Compressed Oops mode: 32-bit
Narrow klass base: 0x0000000000000000, Narrow klass shift: 3
Compressed class space size: 1073741824 Address: 0x0000000100000000

Heap:
 PSYoungGen      total 509952K, used 172902K [0x00000000d5580000, 0x0000000100000000, 0x0000000100000000)
  eden space 380416K, 11% used [0x00000000d5580000,0x00000000d7fddfa8,0x00000000ec900000)
  from space 129536K, 99% used [0x00000000f8180000,0x00000000ffffbb88,0x0000000100000000)
  to   space 159232K, 0% used [0x00000000ec900000,0x00000000ec900000,0x00000000f6480000)
 ParOldGen       total 322560K, used 213578K [0x0000000080000000, 0x0000000093b00000, 0x00000000d5580000)
  object space 322560K, 66% used [0x0000000080000000,0x000000008d092bf8,0x0000000093b00000)
 Metaspace       used 118538K, capacity 127892K, committed 128088K, reserved 1161216K
  class space    used 15444K, capacity 17164K, committed 17280K, reserved 1048576K

Card table byte_map: [0x0000000011f30000,0x0000000012340000] byte_map_base: 0x0000000011b30000

Marking Bits: (ParMarkBitMap*) 0x000000006eadf030
 Begin Bits: [0x0000000012ff0000, 0x0000000014ff0000)
 End Bits:   [0x0000000014ff0000, 0x0000000016ff0000)

Polling page: 0x0000000000ed0000

CodeCache: size=245760Kb used=76198Kb max_used=76198Kb free=169561Kb
 bounds [0x0000000002b70000, 0x0000000007650000, 0x0000000011b70000]
 total_blobs=22529 nmethods=21483 adapters=957
 compilation: enabled

Compilation events (10 events):
Event: 1635.710 Thread 0x00000000194f5800 27654       1       com.android.tools.r8.graph.P::a (6 bytes)
Event: 1635.710 Thread 0x00000000194f5800 nmethod 27654 0x0000000004522a50 code [0x0000000004522ba0, 0x0000000004522cd0]
Event: 1635.736 Thread 0x00000000194f5800 27655       2       com.android.tools.r8.graph.f0::p0 (16 bytes)
Event: 1635.736 Thread 0x00000000194f5800 nmethod 27655 0x0000000004522710 code [0x0000000004522860, 0x00000000045229d0]
Event: 1635.750 Thread 0x00000000194f5800 27656 %s    3       com.android.tools.r8.graph.Z::e @ 23 (60 bytes)
Event: 1635.751 Thread 0x00000000194f5800 nmethod 27656% 0x00000000063d0110 code [0x00000000063d0360, 0x00000000063d1318]
Event: 1635.752 Thread 0x00000000194f5800 27657  s    3       com.android.tools.r8.graph.Z::e (60 bytes)
Event: 1635.754 Thread 0x00000000194f5800 nmethod 27657 0x0000000004187e10 code [0x0000000004188060, 0x0000000004188f78]
Event: 1635.782 Thread 0x00000000194f5800 27659       1       com.android.tools.r8.graph.C::s (6 bytes)
Event: 1635.782 Thread 0x00000000194f5800 nmethod 27659 0x00000000063cfe10 code [0x00000000063cff60, 0x00000000063d0090]

GC Heap History (10 events):
Event: 1632.235 GC heap before
{Heap before GC invocations=48 (full 4):
 PSYoungGen      total 444416K, used 367137K [0x00000000d5580000, 0x00000000fb380000, 0x0000000100000000)
  eden space 305664K, 100% used [0x00000000d5580000,0x00000000e8000000,0x00000000e8000000)
  from space 138752K, 44% used [0x00000000e8000000,0x00000000ebc08668,0x00000000f0780000)
  to   space 131072K, 0% used [0x00000000f3380000,0x00000000f3380000,0x00000000fb380000)
 ParOldGen       total 322560K, used 165076K [0x0000000080000000, 0x0000000093b00000, 0x00000000d5580000)
  object space 322560K, 51% used [0x0000000080000000,0x000000008a1352d8,0x0000000093b00000)
 Metaspace       used 116621K, capacity 125772K, committed 125912K, reserved 1159168K
  class space    used 15341K, capacity 17030K, committed 17152K, reserved 1048576K
Event: 1632.264 GC heap after
Heap after GC invocations=48 (full 4):
 PSYoungGen      total 489472K, used 23079K [0x00000000d5580000, 0x00000000fb380000, 0x0000000100000000)
  eden space 358400K, 0% used [0x00000000d5580000,0x00000000d5580000,0x00000000eb380000)
  from space 131072K, 17% used [0x00000000f3380000,0x00000000f4a09c00,0x00000000fb380000)
  to   space 131072K, 0% used [0x00000000eb380000,0x00000000eb380000,0x00000000f3380000)
 ParOldGen       total 322560K, used 186661K [0x0000000080000000, 0x0000000093b00000, 0x00000000d5580000)
  object space 322560K, 57% used [0x0000000080000000,0x000000008b649450,0x0000000093b00000)
 Metaspace       used 116621K, capacity 125772K, committed 125912K, reserved 1159168K
  class space    used 15341K, capacity 17030K, committed 17152K, reserved 1048576K
}
Event: 1632.636 GC heap before
{Heap before GC invocations=49 (full 4):
 PSYoungGen      total 489472K, used 381479K [0x00000000d5580000, 0x00000000fb380000, 0x0000000100000000)
  eden space 358400K, 100% used [0x00000000d5580000,0x00000000eb380000,0x00000000eb380000)
  from space 131072K, 17% used [0x00000000f3380000,0x00000000f4a09c00,0x00000000fb380000)
  to   space 131072K, 0% used [0x00000000eb380000,0x00000000eb380000,0x00000000f3380000)
 ParOldGen       total 322560K, used 186661K [0x0000000080000000, 0x0000000093b00000, 0x00000000d5580000)
  object space 322560K, 57% used [0x0000000080000000,0x000000008b649450,0x0000000093b00000)
 Metaspace       used 116922K, capacity 126064K, committed 126424K, reserved 1159168K
  class space    used 15341K, capacity 17030K, committed 17152K, reserved 1048576K
Event: 1632.651 GC heap after
Heap after GC invocations=49 (full 4):
 PSYoungGen      total 489472K, used 16362K [0x00000000d5580000, 0x00000000fec80000, 0x0000000100000000)
  eden space 358400K, 0% used [0x00000000d5580000,0x00000000d5580000,0x00000000eb380000)
  from space 131072K, 12% used [0x00000000eb380000,0x00000000ec37ab08,0x00000000f3380000)
  to   space 130560K, 0% used [0x00000000f6d00000,0x00000000f6d00000,0x00000000fec80000)
 ParOldGen       total 322560K, used 193114K [0x0000000080000000, 0x0000000093b00000, 0x00000000d5580000)
  object space 322560K, 59% used [0x0000000080000000,0x000000008bc96918,0x0000000093b00000)
 Metaspace       used 116922K, capacity 126064K, committed 126424K, reserved 1159168K
  class space    used 15341K, capacity 17030K, committed 17152K, reserved 1048576K
}
Event: 1633.139 GC heap before
{Heap before GC invocations=50 (full 4):
 PSYoungGen      total 489472K, used 374762K [0x00000000d5580000, 0x00000000fec80000, 0x0000000100000000)
  eden space 358400K, 100% used [0x00000000d5580000,0x00000000eb380000,0x00000000eb380000)
  from space 131072K, 12% used [0x00000000eb380000,0x00000000ec37ab08,0x00000000f3380000)
  to   space 130560K, 0% used [0x00000000f6d00000,0x00000000f6d00000,0x00000000fec80000)
 ParOldGen       total 322560K, used 193114K [0x0000000080000000, 0x0000000093b00000, 0x00000000d5580000)
  object space 322560K, 59% used [0x0000000080000000,0x000000008bc96918,0x0000000093b00000)
 Metaspace       used 117293K, capacity 126420K, committed 126680K, reserved 1159168K
  class space    used 15341K, capacity 17030K, committed 17152K, reserved 1048576K
Event: 1633.147 GC heap after
Heap after GC invocations=50 (full 4):
 PSYoungGen      total 541184K, used 9234K [0x00000000d5580000, 0x00000000fe900000, 0x0000000100000000)
  eden space 414208K, 0% used [0x00000000d5580000,0x00000000d5580000,0x00000000eea00000)
  from space 126976K, 7% used [0x00000000f6d00000,0x00000000f7604848,0x00000000fe900000)
  to   space 130560K, 0% used [0x00000000eea00000,0x00000000eea00000,0x00000000f6980000)
 ParOldGen       total 322560K, used 194298K [0x0000000080000000, 0x0000000093b00000, 0x00000000d5580000)
  object space 322560K, 60% used [0x0000000080000000,0x000000008bdbe888,0x0000000093b00000)
 Metaspace       used 117293K, capacity 126420K, committed 126680K, reserved 1159168K
  class space    used 15341K, capacity 17030K, committed 17152K, reserved 1048576K
}
Event: 1634.214 GC heap before
{Heap before GC invocations=51 (full 4):
 PSYoungGen      total 541184K, used 423405K [0x00000000d5580000, 0x00000000fe900000, 0x0000000100000000)
  eden space 414208K, 99% used [0x00000000d5580000,0x00000000ee9f6f50,0x00000000eea00000)
  from space 126976K, 7% used [0x00000000f6d00000,0x00000000f7604848,0x00000000fe900000)
  to   space 130560K, 0% used [0x00000000eea00000,0x00000000eea00000,0x00000000f6980000)
 ParOldGen       total 322560K, used 194298K [0x0000000080000000, 0x0000000093b00000, 0x00000000d5580000)
  object space 322560K, 60% used [0x0000000080000000,0x000000008bdbe888,0x0000000093b00000)
 Metaspace       used 117755K, capacity 126936K, committed 127192K, reserved 1159168K
  class space    used 15372K, capacity 17074K, committed 17152K, reserved 1048576K
Event: 1634.224 GC heap after
Heap after GC invocations=51 (full 4):
 PSYoungGen      total 544768K, used 8696K [0x00000000d5580000, 0x0000000100000000, 0x0000000100000000)
  eden space 414208K, 0% used [0x00000000d5580000,0x00000000d5580000,0x00000000eea00000)
  from space 130560K, 6% used [0x00000000eea00000,0x00000000ef27e020,0x00000000f6980000)
  to   space 129536K, 0% used [0x00000000f8180000,0x00000000f8180000,0x0000000100000000)
 ParOldGen       total 322560K, used 195061K [0x0000000080000000, 0x0000000093b00000, 0x00000000d5580000)
  object space 322560K, 60% used [0x0000000080000000,0x000000008be7d598,0x0000000093b00000)
 Metaspace       used 117755K, capacity 126936K, committed 127192K, reserved 1159168K
  class space    used 15372K, capacity 17074K, committed 17152K, reserved 1048576K
}
Event: 1635.807 GC heap before
{Heap before GC invocations=52 (full 4):
 PSYoungGen      total 544768K, used 422904K [0x00000000d5580000, 0x0000000100000000, 0x0000000100000000)
  eden space 414208K, 100% used [0x00000000d5580000,0x00000000eea00000,0x00000000eea00000)
  from space 130560K, 6% used [0x00000000eea00000,0x00000000ef27e020,0x00000000f6980000)
  to   space 129536K, 0% used [0x00000000f8180000,0x00000000f8180000,0x0000000100000000)
 ParOldGen       total 322560K, used 195061K [0x0000000080000000, 0x0000000093b00000, 0x00000000d5580000)
  object space 322560K, 60% used [0x0000000080000000,0x000000008be7d598,0x0000000093b00000)
 Metaspace       used 118538K, capacity 127892K, committed 128088K, reserved 1161216K
  class space    used 15444K, capacity 17164K, committed 17280K, reserved 1048576K
Event: 1635.982 GC heap after
Heap after GC invocations=52 (full 4):
 PSYoungGen      total 509952K, used 129518K [0x00000000d5580000, 0x0000000100000000, 0x0000000100000000)
  eden space 380416K, 0% used [0x00000000d5580000,0x00000000d5580000,0x00000000ec900000)
  from space 129536K, 99% used [0x00000000f8180000,0x00000000ffffbb88,0x0000000100000000)
  to   space 159232K, 0% used [0x00000000ec900000,0x00000000ec900000,0x00000000f6480000)
 ParOldGen       total 322560K, used 213578K [0x0000000080000000, 0x0000000093b00000, 0x00000000d5580000)
  object space 322560K, 66% used [0x0000000080000000,0x000000008d092bf8,0x0000000093b00000)
 Metaspace       used 118538K, capacity 127892K, committed 128088K, reserved 1161216K
  class space    used 15444K, capacity 17164K, committed 17280K, reserved 1048576K
}

Deoptimization events (10 events):
Event: 1634.087 Thread 0x000000002123b800 Uncommon trap: reason=predicate action=maybe_recompile pc=0x000000000636827c method=com.sun.org.apache.xerces.internal.parsers.AbstractSAXParser.startNamespaceMapping()V @ 27
Event: 1634.088 Thread 0x000000002123b800 Uncommon trap: reason=predicate action=maybe_recompile pc=0x0000000006413578 method=com.sun.org.apache.xerces.internal.parsers.AbstractSAXParser.endNamespaceMapping()V @ 21
Event: 1634.335 Thread 0x000000001d10c800 Uncommon trap: reason=unstable_if action=reinterpret pc=0x000000000460e100 method=java.util.concurrent.locks.AbstractQueuedSynchronizer.unparkSuccessor(Ljava/util/concurrent/locks/AbstractQueuedSynchronizer$Node;)V @ 22
Event: 1634.637 Thread 0x0000000030d8b800 Uncommon trap: reason=unstable_if action=reinterpret pc=0x00000000066ab3a0 method=com.android.tools.r8.utils.Y.d(I)Z @ 45
Event: 1635.055 Thread 0x0000000019788800 Uncommon trap: reason=unstable_if action=reinterpret pc=0x0000000003831db0 method=java.util.Arrays.hashCode([Ljava/lang/Object;)I @ 1
Event: 1635.055 Thread 0x0000000019785800 Uncommon trap: reason=unstable_if action=reinterpret pc=0x0000000003831db0 method=java.util.Arrays.hashCode([Ljava/lang/Object;)I @ 1
Event: 1635.055 Thread 0x0000000019774000 Uncommon trap: reason=unstable_if action=reinterpret pc=0x0000000003831db0 method=java.util.Arrays.hashCode([Ljava/lang/Object;)I @ 1
Event: 1635.055 Thread 0x0000000019783000 Uncommon trap: reason=unstable_if action=reinterpret pc=0x0000000003831db0 method=java.util.Arrays.hashCode([Ljava/lang/Object;)I @ 1
Event: 1635.055 Thread 0x000000001978a000 Uncommon trap: reason=unstable_if action=reinterpret pc=0x0000000003831db0 method=java.util.Arrays.hashCode([Ljava/lang/Object;)I @ 1
Event: 1635.055 Thread 0x000000001978a800 Uncommon trap: reason=unstable_if action=reinterpret pc=0x0000000003831db0 method=java.util.Arrays.hashCode([Ljava/lang/Object;)I @ 1

Classes redefined (0 events):
No events

Internal exceptions (10 events):
Event: 1634.701 Thread 0x00000000208d5800 Exception <a 'sun/nio/fs/WindowsException'> (0x00000000dcb18668) thrown at [C:\src\AOSP-openjdk-git\hotspot\src\share\vm\prims\jni.cpp, line 710]
Event: 1634.825 Thread 0x0000000030d84000 Exception <a 'java/lang/NoSuchMethodError': <clinit>> (0x00000000dec15b30) thrown at [C:\src\AOSP-openjdk-git\hotspot\src\share\vm\prims\jni.cpp, line 1615]
Event: 1634.826 Thread 0x0000000030d84000 Exception <a 'java/lang/NoSuchMethodError': <clinit>> (0x00000000dec34b38) thrown at [C:\src\AOSP-openjdk-git\hotspot\src\share\vm\prims\jni.cpp, line 1615]
Event: 1634.830 Thread 0x0000000030d84000 Exception <a 'java/lang/NoSuchMethodError': <clinit>> (0x00000000ded27b80) thrown at [C:\src\AOSP-openjdk-git\hotspot\src\share\vm\prims\jni.cpp, line 1615]
Event: 1635.055 Thread 0x0000000019788800 Implicit null exception at 0x0000000003831caf to 0x0000000003831da1
Event: 1635.055 Thread 0x0000000019785800 Implicit null exception at 0x0000000003831caf to 0x0000000003831da1
Event: 1635.055 Thread 0x000000001978a000 Implicit null exception at 0x0000000003831caf to 0x0000000003831da1
Event: 1635.055 Thread 0x0000000019774000 Implicit null exception at 0x0000000003831caf to 0x0000000003831da1
Event: 1635.055 Thread 0x0000000019783000 Implicit null exception at 0x0000000003831caf to 0x0000000003831da1
Event: 1635.055 Thread 0x000000001978a800 Implicit null exception at 0x0000000003831caf to 0x0000000003831da1

Events (10 events):
Event: 1635.500 Executing VM operation: RevokeBias
Event: 1635.502 Executing VM operation: RevokeBias done
Event: 1635.510 Thread 0x0000000019783000 DEOPT PACKING pc=0x0000000007302d47 sp=0x00000000399beb00
Event: 1635.510 Thread 0x0000000019783000 DEOPT UNPACKING pc=0x0000000002bb75d0 sp=0x00000000399be858 mode 0
Event: 1635.643 Executing VM operation: BulkRevokeBias
Event: 1635.649 Executing VM operation: BulkRevokeBias done
Event: 1635.752 Executing VM operation: RevokeBias
Event: 1635.752 Executing VM operation: RevokeBias done
Event: 1635.806 Executing VM operation: ParallelGCFailedAllocation
Event: 1635.982 Executing VM operation: ParallelGCFailedAllocation done


Dynamic libraries:
0x00007ff71ebc0000 - 0x00007ff71ebf1000 	D:\Andriod Studio set up\jre\bin\java.exe
0x00007ff8a21c0000 - 0x00007ff8a23b0000 	C:\WINDOWS\SYSTEM32\ntdll.dll
0x00007ff868780000 - 0x00007ff868793000 	C:\Program Files\AVAST Software\Avast\aswhook.dll
0x00007ff8a19c0000 - 0x00007ff8a1a72000 	C:\WINDOWS\System32\KERNEL32.DLL
0x00007ff89f4a0000 - 0x00007ff89f745000 	C:\WINDOWS\System32\KERNELBASE.dll
0x00007ff8a0f50000 - 0x00007ff8a0ff3000 	C:\WINDOWS\System32\ADVAPI32.dll
0x00007ff8a1c60000 - 0x00007ff8a1cfe000 	C:\WINDOWS\System32\msvcrt.dll
0x00007ff8a20e0000 - 0x00007ff8a2177000 	C:\WINDOWS\System32\sechost.dll
0x00007ff8a15b0000 - 0x00007ff8a16cf000 	C:\WINDOWS\System32\RPCRT4.dll
0x00007ff8a0db0000 - 0x00007ff8a0f44000 	C:\WINDOWS\System32\USER32.dll
0x00007ff89f960000 - 0x00007ff89f981000 	C:\WINDOWS\System32\win32u.dll
0x00007ff8a1c30000 - 0x00007ff8a1c56000 	C:\WINDOWS\System32\GDI32.dll
0x00007ff89f230000 - 0x00007ff89f3c8000 	C:\WINDOWS\System32\gdi32full.dll
0x00007ff89f400000 - 0x00007ff89f49e000 	C:\WINDOWS\System32\msvcp_win.dll
0x00007ff8a0170000 - 0x00007ff8a026a000 	C:\WINDOWS\System32\ucrtbase.dll
0x00007ff888a10000 - 0x00007ff888c94000 	C:\WINDOWS\WinSxS\amd64_microsoft.windows.common-controls_6595b64144ccf1df_6.0.18362.1440_none_9e7dbfb9e45e8e67\COMCTL32.dll
0x00007ff8a0a10000 - 0x00007ff8a0d46000 	C:\WINDOWS\System32\combase.dll
0x00007ff89f8b0000 - 0x00007ff89f931000 	C:\WINDOWS\System32\bcryptPrimitives.dll
0x00007ff8a1ae0000 - 0x00007ff8a1b0e000 	C:\WINDOWS\System32\IMM32.DLL
0x000000006e150000 - 0x000000006e222000 	D:\Andriod Studio set up\jre\jre\bin\msvcr100.dll
0x000000006e310000 - 0x000000006eb5b000 	D:\Andriod Studio set up\jre\jre\bin\server\jvm.dll
0x00007ff8a16d0000 - 0x00007ff8a16d8000 	C:\WINDOWS\System32\PSAPI.DLL
0x00007ff89cc20000 - 0x00007ff89cc44000 	C:\WINDOWS\SYSTEM32\WINMM.dll
0x00007ff888640000 - 0x00007ff888649000 	C:\WINDOWS\SYSTEM32\WSOCK32.dll
0x00007ff897c70000 - 0x00007ff897c7a000 	C:\WINDOWS\SYSTEM32\VERSION.dll
0x00007ff8a2070000 - 0x00007ff8a20df000 	C:\WINDOWS\System32\WS2_32.dll
0x00007ff89c7a0000 - 0x00007ff89c7cd000 	C:\WINDOWS\SYSTEM32\WINMMBASE.dll
0x00007ff89f130000 - 0x00007ff89f17a000 	C:\WINDOWS\System32\cfgmgr32.dll
0x00007ff89b250000 - 0x00007ff89b25f000 	D:\Andriod Studio set up\jre\jre\bin\verify.dll
0x00007ff88a630000 - 0x00007ff88a659000 	D:\Andriod Studio set up\jre\jre\bin\java.dll
0x00007ff88a7a0000 - 0x00007ff88a7b6000 	D:\Andriod Studio set up\jre\jre\bin\zip.dll
0x00007ff8a0320000 - 0x00007ff8a0a08000 	C:\WINDOWS\System32\SHELL32.dll
0x00007ff8a1b10000 - 0x00007ff8a1bb7000 	C:\WINDOWS\System32\shcore.dll
0x00007ff89f990000 - 0x00007ff8a010b000 	C:\WINDOWS\System32\windows.storage.dll
0x00007ff89f0a0000 - 0x00007ff89f0be000 	C:\WINDOWS\System32\profapi.dll
0x00007ff89f0e0000 - 0x00007ff89f12a000 	C:\WINDOWS\System32\powrprof.dll
0x00007ff89f070000 - 0x00007ff89f080000 	C:\WINDOWS\System32\UMPDC.dll
0x00007ff8a1a80000 - 0x00007ff8a1ad2000 	C:\WINDOWS\System32\shlwapi.dll
0x00007ff89f080000 - 0x00007ff89f091000 	C:\WINDOWS\System32\kernel.appcore.dll
0x00007ff89f940000 - 0x00007ff89f957000 	C:\WINDOWS\System32\cryptsp.dll
0x00007ff88a610000 - 0x00007ff88a62a000 	D:\Andriod Studio set up\jre\jre\bin\net.dll
0x00007ff89e8b0000 - 0x00007ff89e917000 	C:\WINDOWS\system32\mswsock.dll
0x00007ff88a570000 - 0x00007ff88a583000 	D:\Andriod Studio set up\jre\jre\bin\nio.dll
0x00007ff8848b0000 - 0x00007ff8848d7000 	C:\Users\ACER\.gradle\native\f6784746aeab05261644944871eae4fe03e0ef1612fff0a4a95f87b438bc6780\windows-amd64\native-platform.dll
0x00007ff88a600000 - 0x00007ff88a60d000 	D:\Andriod Studio set up\jre\jre\bin\management.dll
0x00007ff89e3d0000 - 0x00007ff89e403000 	C:\WINDOWS\system32\rsaenh.dll
0x00007ff89f3d0000 - 0x00007ff89f3f6000 	C:\WINDOWS\System32\bcrypt.dll
0x00007ff89ef50000 - 0x00007ff89ef75000 	C:\WINDOWS\SYSTEM32\USERENV.dll
0x00007ff89ea80000 - 0x00007ff89ea8c000 	C:\WINDOWS\SYSTEM32\CRYPTBASE.dll
0x00007ff89e5c0000 - 0x00007ff89e5fa000 	C:\WINDOWS\SYSTEM32\IPHLPAPI.DLL
0x00007ff8a1490000 - 0x00007ff8a1498000 	C:\WINDOWS\System32\NSI.dll
0x00007ff8951c0000 - 0x00007ff8951d6000 	C:\WINDOWS\SYSTEM32\dhcpcsvc6.DLL
0x00007ff8951a0000 - 0x00007ff8951bc000 	C:\WINDOWS\SYSTEM32\dhcpcsvc.DLL
0x00007ff89e600000 - 0x00007ff89e6cb000 	C:\WINDOWS\SYSTEM32\DNSAPI.dll
0x00007ff896290000 - 0x00007ff89629b000 	C:\WINDOWS\SYSTEM32\WINNSI.DLL
0x00007ff889fd0000 - 0x00007ff889ff4000 	D:\Andriod Studio set up\jre\jre\bin\sunec.dll
0x00007ff896700000 - 0x00007ff89670a000 	C:\Windows\System32\rasadhlp.dll
0x00007ff894ea0000 - 0x00007ff894f17000 	C:\WINDOWS\System32\fwpuclnt.dll
0x00007ff88a4d0000 - 0x00007ff88a4db000 	D:\Andriod Studio set up\jre\jre\bin\sunmscapi.dll
0x00007ff89f750000 - 0x00007ff89f8a1000 	C:\WINDOWS\System32\CRYPT32.dll
0x00007ff89f0c0000 - 0x00007ff89f0d2000 	C:\WINDOWS\System32\MSASN1.dll
0x00007ff89e0b0000 - 0x00007ff89e0e1000 	C:\WINDOWS\SYSTEM32\ntmarta.dll
0x00007ff857a30000 - 0x00007ff857bcc000 	D:\Andriod Studio set up\jre\jre\bin\awt.dll
0x00007ff8a1e60000 - 0x00007ff8a1f25000 	C:\WINDOWS\System32\OLEAUT32.dll
0x00007ff89d440000 - 0x00007ff89d46d000 	C:\WINDOWS\SYSTEM32\dwmapi.dll
0x00007ff89b8a0000 - 0x00007ff89be60000 	C:\WINDOWS\SYSTEM32\d2d1.dll
0x00007ff89ce80000 - 0x00007ff89cf0f000 	C:\WINDOWS\SYSTEM32\apphelp.dll
0x00007ff89d020000 - 0x00007ff89d0b9000 	C:\WINDOWS\system32\uxtheme.dll

VM Arguments:
jvm_args: -Xmx2048m -Dfile.encoding=UTF-8 -Duser.country=US -Duser.language=en -Duser.variant 
java_command: org.gradle.launcher.daemon.bootstrap.GradleDaemon 6.5
java_class_path (initial): C:\Users\ACER\.gradle\wrapper\dists\gradle-6.5-bin\6nifqtx7604sqp1q6g8wikw7p\gradle-6.5\lib\gradle-launcher-6.5.jar
Launcher Type: SUN_STANDARD

Environment Variables:
PATH=C:\Program Files (x86)\Common Files\Oracle\Java\javapath;C:\Windows\system32;C:\Windows;C:\Windows\System32\Wbem;C:\Windows\System32\WindowsPowerShell\v1.0\;C:\Windows\System32\OpenSSH\;C:\Program Files\NVIDIA Corporation\NVIDIA NvDLISR;C:\WINDOWS\system32;C:\WINDOWS;C:\WINDOWS\System32\Wbem;C:\WINDOWS\System32\WindowsPowerShell\v1.0\;C:\WINDOWS\System32\OpenSSH\;D:\command;D:\Git\cmd;D:\NodeJS_Official\;D:\postgresql-setup\9\bin;D:\postgresql-setup\9\lib;C:\Program Files (x86)\NVIDIA Corporation\PhysX\Common;D:\Vagrant Setup\bin;C:\Program Files (x86)\VietPN;D:\Program Files\PuTTY\;D:\Redis;D:\PostGreSQL Setup\13\bin;D:\Python\Scripts\;D:\Python\;C:\Users\ACER\AppData\Local\Microsoft\WindowsApps;;D:\PhpStorm 2019.2.4\bin;;D:\Microsoft VS Code\bin;C:\Users\ACER\AppData\Roaming\npm
USERNAME=ACER
OS=Windows_NT
PROCESSOR_IDENTIFIER=Intel64 Family 6 Model 158 Stepping 10, GenuineIntel



---------------  S Y S T E M  ---------------

OS: Windows 10.0 , 64 bit Build 18362 (10.0.18362.1350)

CPU:total 12 (initial active 12) (6 cores per cpu, 2 threads per core) family 6 model 158 stepping 10, cmov, cx8, fxsr, mmx, sse, sse2, sse3, ssse3, sse4.1, sse4.2, popcnt, avx, avx2, aes, clmul, erms, 3dnowpref, lzcnt, ht, tsc, tscinvbit, bmi1, bmi2, adx

Memory: 4k page, physical 16623796k(3385356k free), swap 18747808k(4180k free)

vm_info: OpenJDK 64-Bit Server VM (25.242-b01) for windows-amd64 JRE (1.8.0_242-release-1644-b01), built by "builder" with MS VC++ 10.0 (VS2010)

time: Wed May 19 01:33:57 2021
timezone: Malay Peninsula Standard Time
elapsed time: 1636 seconds (0d 0h 27m 16s)

